<?xml version="1.0" encoding="UTF-8"?>
<testng-results skipped="0" failed="0" ignored="0" total="1" passed="1">
  <reporter-output>
  </reporter-output>
  <suite name="Default suite" duration-ms="33" started-at="2018-07-25T15:19:05Z" finished-at="2018-07-25T15:19:05Z">
    <groups>
    </groups>
    <test name="Default test" duration-ms="33" started-at="2018-07-25T15:19:05Z" finished-at="2018-07-25T15:19:05Z">
      <class name="Test.SampleTesting">
        <test-method status="PASS" signature="uploadtest()[pri:0, instance:Test.SampleTesting@4d3167f4]" name="uploadtest" duration-ms="12" started-at="2018-07-25T15:19:05Z" finished-at="2018-07-25T15:19:05Z">
          <reporter-output>
          </reporter-output>
        </test-method> <!-- uploadtest -->
      </class> <!-- Test.SampleTesting -->
    </test> <!-- Default test -->
  </suite> <!-- Default suite -->
</testng-results>
